<?xml version="1.0" encoding="UTF-8"?>
<!-- Generated by org.testng.reporters.JUnitReportReporter -->
<testsuite hostname="2016-smalldisk" failures="0" tests="1" name="com.cgi.runner.RunnerTest" time="10.170" errors="0" timestamp="2025-07-17T06:05:56 UTC" skipped="0">
  <testcase classname="com.cgi.runner.RunnerTest" name="runScenario" time="10.170"/>
</testsuite> <!-- com.cgi.runner.RunnerTest -->
