<?xml version="1.0" encoding="UTF-8"?>
<!-- Generated by org.testng.reporters.JUnitReportReporter -->
<testsuite hostname="2016-smalldisk" failures="0" tests="1" name="com.cgi.runner.RunnerTest" time="380.977" errors="0" timestamp="2025-07-17T07:17:11 UTC" skipped="0">
  <testcase classname="com.cgi.runner.RunnerTest" name="runScenario" time="380.977"/>
</testsuite> <!-- com.cgi.runner.RunnerTest -->
