<?xml version="1.0" encoding="UTF-8"?>
<!-- Generated by org.testng.reporters.JUnitReportReporter -->
<testsuite hostname="2016-smalldisk" failures="0" tests="2" name="com.cgi.runner.RunnerTest" time="0.168" errors="0" timestamp="2025-07-16T07:56:26 UTC" skipped="0">
  <testcase classname="com.cgi.runner.RunnerTest" name="runScenario" time="0.136"/>
  <testcase classname="com.cgi.runner.RunnerTest" name="runScenario" time="0.032"/>
</testsuite> <!-- com.cgi.runner.RunnerTest -->
