<?xml version="1.0" encoding="UTF-8"?>
<!-- Generated by org.testng.reporters.JUnitReportReporter -->
<testsuite hostname="2016-smalldisk" failures="0" tests="3" name="com.cgi.runner.RunnerTest" time="25.029" errors="0" timestamp="2025-07-17T05:15:51 UTC" skipped="0">
  <testcase classname="com.cgi.runner.RunnerTest" name="runScenario" time="7.767"/>
  <testcase classname="com.cgi.runner.RunnerTest" name="runScenario" time="7.741"/>
  <testcase classname="com.cgi.runner.RunnerTest" name="runScenario" time="9.521"/>
</testsuite> <!-- com.cgi.runner.RunnerTest -->
