<?xml version="1.0" encoding="UTF-8"?>
<!-- Generated by org.testng.reporters.JUnitReportReporter -->
<testsuite hostname="2016-smalldisk" failures="0" tests="1" name="com.cgi.runner.RunnerTest" time="83.430" errors="0" timestamp="2025-07-17T04:44:02 UTC" skipped="0">
  <testcase classname="com.cgi.runner.RunnerTest" name="runScenario" time="83.430"/>
</testsuite> <!-- com.cgi.runner.RunnerTest -->
